<?xml version="1.0" encoding="UTF-8"?>
<!-- Generated by org.testng.reporters.JUnitReportReporter -->
<testsuite hostname="DESKTOP-OJKSNOG" failures="0" tests="4" name="com.Scenario1.HRMLogic$HrmLogic" time="0.014" errors="0" timestamp="2024-12-14T15:34:07 IST" skipped="0">
  <testcase classname="com.Scenario1.HRMLogic$HrmLogic" name="testLogin" time="0.002"/>
  <testcase classname="com.Scenario1.HRMLogic$HrmLogic" name="testLogin" time="0.008"/>
  <testcase classname="com.Scenario1.HRMLogic$HrmLogic" name="testLogin" time="0.002"/>
  <testcase classname="com.Scenario1.HRMLogic$HrmLogic" name="testLogin" time="0.002"/>
</testsuite> <!-- com.Scenario1.HRMLogic$HrmLogic -->
