<?xml version="1.0" encoding="UTF-8"?>
<!-- Generated by org.testng.reporters.JUnitReportReporter -->
<testsuite hostname="DESKTOP-OJKSNOG" failures="0" tests="1" name="com.Scenario1.readDataFromExcel" time="0.874" errors="0" timestamp="2024-12-14T15:13:26 IST" skipped="0">
  <testcase classname="com.Scenario1.readDataFromExcel" name="testFileRead" time="0.874"/>
</testsuite> <!-- com.Scenario1.readDataFromExcel -->
