<?xml version="1.0" encoding="UTF-8"?>
<!-- Generated by org.testng.reporters.JUnitReportReporter -->
<testsuite hostname="DESKTOP-OJKSNOG" failures="0" tests="4" name="com.Scenario2.Loginpage" time="13.341" errors="0" timestamp="2024-12-15T23:23:20 IST" skipped="0">
  <testcase classname="com.Scenario2.Loginpage" name="login" time="5.622"/>
  <testcase classname="com.Scenario2.Loginpage" name="searchByUsername" time="4.339"/>
  <testcase classname="com.Scenario2.Loginpage" name="searchByUserRole" time="1.701"/>
  <testcase classname="com.Scenario2.Loginpage" name="searchByStatus" time="1.679"/>
</testsuite> <!-- com.Scenario2.Loginpage -->
